app/build/outputs/logs/manifest-merger-debug-report.txt
-- Merging decision tree log ---
manifest
ADDED from AmazingVideo\app\AndroidManifest.xml:2:1-67:12
INJECTED from AmazingVideo\app\AndroidManifest.xml:2:1-67:12
INJECTED from AmazingVideo\app\AndroidManifest.xml:2:1-67:12
INJECTED from AmazingVideo\app\AndroidManifest.xml:2:1-67:12
MERGED from [:VitamioRecorder] AndroidManifest.xml:2:1-18:12
INJECTED from AmazingVideo\app\AndroidManifest.xml:2:1-67:12
INJECTED from AmazingVideo\app\AndroidManifest.xml:2:1-67:12
INJECTED from AmazingVideo\app\AndroidManifest.xml:2:1-67:12
	package
		ADDED from AmazingVideo\app\AndroidManifest.xml:4:5-35
		INJECTED from AmazingVideo\app\AndroidManifest.xml
		INJECTED from AmazingVideo\app\AndroidManifest.xml
	android:versionName
		INJECTED from AmazingVideo\app\AndroidManifest.xml
		ADDED from AmazingVideo\app\AndroidManifest.xml:2:1-67:12
		INJECTED from AmazingVideo\app\AndroidManifest.xml
	xmlns:tools
		ADDED from AmazingVideo\app\AndroidManifest.xml:3:5-51
	android:versionCode
		INJECTED from AmazingVideo\app\AndroidManifest.xml
		ADDED from AmazingVideo\app\AndroidManifest.xml:2:1-67:12
		INJECTED from AmazingVideo\app\AndroidManifest.xml
	xmlns:android
		ADDED from AmazingVideo\app\AndroidManifest.xml:2:11-69
uses-permission#android.permission.SYSTEM_ALERT_WINDOW
ADDED from AmazingVideo\app\AndroidManifest.xml:7:2-75
	android:name
		ADDED from AmazingVideo\app\AndroidManifest.xml:7:19-72
uses-permission#android.permission.INTERNET
ADDED from AmazingVideo\app\AndroidManifest.xml:8:5-67
	android:name
		ADDED from AmazingVideo\app\AndroidManifest.xml:8:22-64
uses-permission#android.permission.WRITE_EXTERNAL_STORAGE
ADDED from AmazingVideo\app\AndroidManifest.xml:9:5-81
	android:name
		ADDED from AmazingVideo\app\AndroidManifest.xml:9:22-78
uses-permission#android.permission.RECORD_AUDIO
ADDED from AmazingVideo\app\AndroidManifest.xml:10:5-71
	android:name
		ADDED from AmazingVideo\app\AndroidManifest.xml:10:22-68
uses-permission#android.permission.MOUNT_UNMOUNT_FILESYSTEMS
ADDED from AmazingVideo\app\AndroidManifest.xml:11:5-84
	android:name
		ADDED from AmazingVideo\app\AndroidManifest.xml:11:22-81
uses-permission#android.permission.CAMERA
ADDED from AmazingVideo\app\AndroidManifest.xml:12:5-65
	android:name
		ADDED from AmazingVideo\app\AndroidManifest.xml:12:22-62
uses-feature#android.hardware.camera
ADDED from AmazingVideo\app\AndroidManifest.xml:15:5-17:35
	android:required
		ADDED from AmazingVideo\app\AndroidManifest.xml:17:9-32
	android:name
		ADDED from AmazingVideo\app\AndroidManifest.xml:16:9-47
uses-feature#android.hardware.camera.autofocus
ADDED from AmazingVideo\app\AndroidManifest.xml:18:5-20:36
	android:required
		ADDED from AmazingVideo\app\AndroidManifest.xml:20:9-33
	android:name
		ADDED from AmazingVideo\app\AndroidManifest.xml:19:9-57
uses-feature#0x00020000
ADDED from AmazingVideo\app\AndroidManifest.xml:21:5-23:35
	android:glEsVersion
		ADDED from AmazingVideo\app\AndroidManifest.xml:22:9-41
	android:required
		ADDED from AmazingVideo\app\AndroidManifest.xml:23:9-32
application
ADDED from AmazingVideo\app\AndroidManifest.xml:25:5-65:19
MERGED from [:VitamioRecorder] AndroidManifest.xml:11:5-16:19
MERGED from [:VitamioRecorder] AndroidManifest.xml:11:5-16:19
	android:label
		ADDED from AmazingVideo\app\AndroidManifest.xml:29:9-41
	android:icon
		ADDED from AmazingVideo\app\AndroidManifest.xml:28:9-43
		REJECTED from [:VitamioRecorder] AndroidManifest.xml:13:9-45
	android:allowBackup
		ADDED from AmazingVideo\app\AndroidManifest.xml:27:9-35
	android:theme
		ADDED from AmazingVideo\app\AndroidManifest.xml:30:9-40
		REJECTED from [:VitamioRecorder] AndroidManifest.xml:15:9-40
	tools:replace
		ADDED from AmazingVideo\app\AndroidManifest.xml:31:9-52
	android:name
		ADDED from AmazingVideo\app\AndroidManifest.xml:26:9-38
activity#com.amazing.video.gp.MainActivity
ADDED from AmazingVideo\app\AndroidManifest.xml:33:9-43:20
	android:screenOrientation
		ADDED from AmazingVideo\app\AndroidManifest.xml:37:13-49
	android:launchMode
		ADDED from AmazingVideo\app\AndroidManifest.xml:36:13-43
	android:hardwareAccelerated
		ADDED from AmazingVideo\app\AndroidManifest.xml:35:13-47
	android:theme
		ADDED from AmazingVideo\app\AndroidManifest.xml:38:13-47
	android:name
		ADDED from AmazingVideo\app\AndroidManifest.xml:34:13-41
intent-filter#action:name:android.intent.action.MAIN+category:name:android.intent.category.LAUNCHER
ADDED from AmazingVideo\app\AndroidManifest.xml:39:13-42:29
action#android.intent.action.MAIN
ADDED from AmazingVideo\app\AndroidManifest.xml:40:17-69
	android:name
		ADDED from AmazingVideo\app\AndroidManifest.xml:40:25-66
category#android.intent.category.LAUNCHER
ADDED from AmazingVideo\app\AndroidManifest.xml:41:17-77
	android:name
		ADDED from AmazingVideo\app\AndroidManifest.xml:41:27-74
activity#com.amazing.video.gp.ui.keep.AmazingMediaPreviewActivity
ADDED from AmazingVideo\app\AndroidManifest.xml:44:9-49:59
	android:screenOrientation
		ADDED from AmazingVideo\app\AndroidManifest.xml:48:13-49
	android:launchMode
		ADDED from AmazingVideo\app\AndroidManifest.xml:47:13-43
	android:hardwareAccelerated
		ADDED from AmazingVideo\app\AndroidManifest.xml:46:13-47
	android:theme
		ADDED from AmazingVideo\app\AndroidManifest.xml:49:13-47
	android:name
		ADDED from AmazingVideo\app\AndroidManifest.xml:45:13-64
activity#com.amazing.video.gp.ui.keep.AmazingImportVideoActivity
ADDED from AmazingVideo\app\AndroidManifest.xml:50:9-55:59
	android:screenOrientation
		ADDED from AmazingVideo\app\AndroidManifest.xml:54:13-49
	android:launchMode
		ADDED from AmazingVideo\app\AndroidManifest.xml:53:13-43
	android:hardwareAccelerated
		ADDED from AmazingVideo\app\AndroidManifest.xml:52:13-47
	android:theme
		ADDED from AmazingVideo\app\AndroidManifest.xml:55:13-47
	android:name
		ADDED from AmazingVideo\app\AndroidManifest.xml:51:13-63
activity#com.amazing.video.gp.ui.keep.AmazingVideoPlayerActivity
ADDED from AmazingVideo\app\AndroidManifest.xml:56:9-59:59
	android:screenOrientation
		ADDED from AmazingVideo\app\AndroidManifest.xml:58:13-49
	android:theme
		ADDED from AmazingVideo\app\AndroidManifest.xml:59:13-47
	android:name
		ADDED from AmazingVideo\app\AndroidManifest.xml:57:13-63
service#com.amazing.video.gp.service.AmazingAssertService
ADDED from AmazingVideo\app\AndroidManifest.xml:61:9-65
	android:name
		ADDED from AmazingVideo\app\AndroidManifest.xml:61:18-62
meta-data#com.facebook.sdk.ApplicationId
ADDED from AmazingVideo\app\AndroidManifest.xml:63:9-107
	android:value
		ADDED from AmazingVideo\app\AndroidManifest.xml:63:66-105
	android:name
		ADDED from AmazingVideo\app\AndroidManifest.xml:63:20-65
meta-data#appId
ADDED from AmazingVideo\app\AndroidManifest.xml:64:9-72
	android:value
		ADDED from AmazingVideo\app\AndroidManifest.xml:64:41-69
	android:name
		ADDED from AmazingVideo\app\AndroidManifest.xml:64:20-40
uses-sdk
INJECTED from AmazingVideo\app\AndroidManifest.xml reason: use-sdk injection requested
INJECTED from AmazingVideo\app\AndroidManifest.xml
INJECTED from AmazingVideo\app\AndroidManifest.xml
MERGED from [:VitamioRecorder] AndroidManifest.xml:7:5-9:41
MERGED from [:VitamioRecorder] AndroidManifest.xml:7:5-9:41
INJECTED from AmazingVideo\app\AndroidManifest.xml
INJECTED from AmazingVideo\app\AndroidManifest.xml
	android:targetSdkVersion
		INJECTED from AmazingVideo\app\AndroidManifest.xml
		ADDED from AmazingVideo\app\AndroidManifest.xml
		INJECTED from AmazingVideo\app\AndroidManifest.xml
	android:minSdkVersion
		INJECTED from AmazingVideo\app\AndroidManifest.xml
		ADDED from AmazingVideo\app\AndroidManifest.xml
		INJECTED from AmazingVideo\app\AndroidManifest.xml